This is pdfTeX, Version 3.14159265-2.6-1.40.16 (TeX Live 2015/Debian) (preloaded format=pdfcsplain 2017.6.1)  8 JUN 2017 21:57
entering extended mode
 restricted \write18 enabled.
 %&-line parsing enabled.
 encTeX v. Jun. 2004, reencoding enabled
**example-ts
(./example-ts.tex The format: csplain <Jan. 2016a>.
The cs-fonts are preloaded and A4 size implicitly defined.
The utf8->iso8859-2 re-encoding of Czech+Slovak alphabet activated by encTeX
(./ctustyle-ts.tex (./ctustyle.tex
CTUstyle: Thesis at Czech Technical University in Prague, <beta(7) Oct.2016>
\testinput=\read0

(/usr/share/texlive/texmf-dist/tex/csplain/opmac/opmac.tex
This is OPmac (Olsak's Plain macros), version <Nov. 2015>
\tmpnum=\count28
\tmpdim=\dimen16
\iindent=\dimen17
\ttindent=\dimen18
\colsep=\dimen19
\mnoteindent=\dimen20
\mnotesize=\dimen21
\ptunit=\dimen22
\fontdim=\dimen23
(/usr/share/texlive/texmf-dist/tex/csplain/fonts/ams-math.tex
FONT: AMS math fonts - \mathchardef's prepared, 12 math families preloaded.
\ptmunit=\dimen24
)
The \^, \`, \', \v, \" and \r expands to characters by ISO-8859-2.
\reffile=\write0
\testin=\read1
\chapnum=\count29
\secnum=\count30
\seccnum=\count31
\nonumnum=\count32
\remskipamount=\skip18
\tnum=\count33
\fnum=\count34
\dnum=\count35
\itemnum=\count36
\mullines=\count37
\oulnum=\count38
\ttline=\count39
\viline=\count40
\vifile=\read2
\tabdata=\toks12
\colnum=\count41
\picwidth=\dimen25
\picheight=\dimen26
\fnotenum=\count42
\fnotenumlocal=\count43
\mnotenum=\count44
\mnoteskip=\dimen27
\auxfile=\write1
\bibnum=\count45
\bibmark=\toks13
\lastcitenum=\count46
\lastpage=\count47
\pgwidth=\dimen28
\pgheight=\dimen29
\shiftoffset=\dimen30

(./example-ts.ref)
\openout0 = `example-ts.ref'.

)
\faculty=\toks14
\department=\toks15
\title=\toks16
\subtitle=\toks17
\author=\toks18
\supervisor=\toks19
\date=\toks20
\studyinfo=\toks21
\authorinfo=\toks22
\workinfo=\toks23
\workname=\toks24
\pagetwo=\toks25
\titleEN=\toks26
\titleCZ=\toks27
\titleSK=\toks28
\subtitleEN=\toks29
\subtitleCZ=\toks30
\subtitleSK=\toks31
\abstractEN=\toks32
\abstractCZ=\toks33
\abstractSK=\toks34
\keywordsEN=\toks35
\keywordsCZ=\toks36
\keywordsSK=\toks37
\thanks=\toks38
\declaration=\toks39
\specification=\toks40

(/usr/share/texlive/texmf-dist/tex/csplain/fonts/lmfonts.tex
FONT: Latin Modern fonts - \rm, \it, \bf, \bi, \caps\rm,... + math.
(/usr/share/texlive/texmf-dist/tex/csplain/fonts/chars-8z.tex))
\leftbox=\box16
\rightbox=\box17
\frontht=\dimen31
\tocbox=\box18
\tofbox=\box19
\totbox=\box20
\appnum=\count48
\numA=\count49
\numB=\count50
\numC=\count51
\numD=\count52
\numE=\count53
\maxglosindent=\dimen32
\rfcnum=\count54
)
\studyform=\toks41
\studyspec=\toks42
\address=\toks43
\candidate=\toks44
\supervisorspec=\toks45
\opponents=\toks46
\orohead=\toks47
\titleinfo=\toks48
\infoA=\toks49
\infoB=\toks50
\infoC=\toks51
\infoD=\toks52
)
English hyphenation used (\language=0). \nonfrenchspacing is set on. [1{/var/li
b/texmf/fonts/map/pdftex/updmap/pdftex.map} <./ctulogo.pdf>] [2] [3] [4]
[5] [6] cs hyphenation used (\language=5). \frenchspacing is set on. [7] ){/usr
/share/texmf/fonts/enc/dvips/lm/lm-cstt.enc}{/usr/share/texmf/fonts/enc/dvips/l
m/lm-cs.enc}{/usr/share/texmf/fonts/enc/dvips/lm/lm-mathit.enc}</usr/share/texm
f/fonts/type1/public/lm/lmmi10.pfb></usr/share/texmf/fonts/type1/public/lm/lmr1
0.pfb></usr/share/texmf/fonts/type1/public/lm/lmss10.pfb></usr/share/texmf/font
s/type1/public/lm/lmss9.pfb></usr/share/texmf/fonts/type1/public/lm/lmssbx10.pf
b></usr/share/texmf/fonts/type1/public/lm/lmtt10.pfb>
Output written on example-ts.pdf (7 pages, 170595 bytes).
PDF statistics:
 155 PDF objects out of 1000 (max. 8388607)
 137 compressed objects within 2 object streams
 22 named destinations out of 1000 (max. 500000)
 118 words of extra memory for PDF output out of 10000 (max. 10000000)

